[2025-05-15 18:03:36] Failed login attempt: Username not found - admin
[2025-05-15 18:05:32] Successful login: User kamirelax187@gmail.com (student)
[2025-05-15 18:06:18] Failed login attempt: Username not found - admin
[2025-05-15 18:06:28] Failed login attempt: Username not found - admin
[2025-05-15 18:08:23] Successful login: User admin (admin)
[2025-05-15 18:23:00] Successful login: User kamirelax187@gmail.com (student)
[2025-05-15 18:23:50] Successful login: User admin (admin)
[2025-05-15 18:26:34] Successful login: User kamirelax187@gmail.com (student)
[2025-05-15 18:29:12] Successful login: User ace2 (parent)
[2025-05-15 18:29:45] Successful login: User kamirelax187@gmail.com (student)
[2025-05-15 18:34:48] Successful login: User kamirelax187@gmail.com (student)
[2025-05-15 18:36:08] Successful login: User admin (admin)
[2025-05-15 18:52:15] Successful login: User ace2 (parent)
[2025-05-15 18:52:25] Successful login: User ace2 (parent)
[2025-05-15 18:52:37] Successful login: User admin (admin)
[2025-05-15 19:18:55] Successful login: User kamirelax187@gmail.com (student)
[2025-05-15 19:36:17] Successful login: User ace2 (parent)
[2025-05-15 19:51:35] Successful login: User admin (admin)
[2025-05-15 19:59:48] Successful login: User ace2 (parent)
[2025-05-15 20:00:33] Successful login: User admin (admin)
[2025-05-15 20:02:55] Successful login: User parent (parent)
[2025-05-15 20:08:41] Successful login: User kamirelax187@gmail.com (student)
[2025-05-15 20:09:25] Successful login: User parent (parent)
[2025-05-15 20:10:52] Successful login: User admin (admin)
[2025-05-15 20:13:58] Successful login: User admin (admin)
[2025-05-15 20:17:44] Successful login: User admin (admin)
[2025-05-15 20:20:11] Successful login: User admin (admin)
[2025-05-15 20:23:06] Successful login: User admin (admin)
[2025-05-15 20:23:47] Successful login: User admin (admin)
[2025-05-15 20:33:33] Successful login: User admin (admin)
[2025-05-15 20:37:31] Successful login: User admin (admin)
[2025-05-15 20:37:59] Successful login: User admin (admin)
[2025-05-15 20:38:16] Successful login: User admin (admin)
[2025-05-15 20:38:35] Successful login: User admin (admin)
[2025-05-15 20:39:56] Successful login: User admin (admin)
[2025-05-15 20:50:30] Successful login: User admin (admin)
[2025-05-15 20:50:56] Successful login: User admin (admin)
[2025-05-15 20:51:02] Successful login: User admin (admin)
[2025-05-15 20:51:39] Successful login: User admin (admin)
[2025-05-15 20:51:56] Successful login: User admin (admin)
[2025-05-15 20:54:21] Successful login: User admin (admin)
[2025-05-15 20:54:34] Successful login: User admin (admin)
